<?xml version="1.0" encoding="UTF-8"?>
<robot generator="Robot 7.2.2 (Python 3.12.2 on win32)" generated="2025-04-12T13:06:55.602419" rpa="false" schemaversion="5">
<suite id="s1" name="Tests" source="C:\Users\User\Desktop\ROBOT\Interactive-Card\tests">
<suite id="s1-s1" name="Interactive-Card" source="C:\Users\User\Desktop\ROBOT\Interactive-Card\tests\interactive-card.robot">
<test id="s1-s1-t1" name="Validar envio do formulário com dados válidos" line="8">
<kw name="Abrir a página do formulário" owner="interactive-card" type="SETUP">
<kw name="New Browser" owner="Browser">
<msg time="2025-04-12T13:06:57.480640" level="INFO">{"browser": "chromium", "headless": false, "chromiumSandbox": false, "devtools": false, "handleSIGHUP": true, "handleSIGINT": true, "handleSIGTERM": true, "slowMo": 0.0, "timeout": 30000.0, "tracesDir": "C:\\Users\\User\\Desktop\\ROBOT\\Interactive-Card\\results\\browser\\traces\\temp\\9352099f-685b-4b86-8b4a-cb7f03a3c160"}</msg>
<msg time="2025-04-12T13:06:57.524640" level="INFO">Starting Browser process C:\Python312\Lib\site-packages\Browser\wrapper\index.js using port 50763</msg>
<msg time="2025-04-12T13:06:57.524640" level="INFO">Node startup parameters: ['node', 'C:\\Python312\\Lib\\site-packages\\Browser\\wrapper\\index.js', '50763']</msg>
<msg time="2025-04-12T13:07:00.343342" level="INFO">Successfully created browser with options: {"browser":"chromium","headless":false,"chromiumSandbox":false,"devtools":false,"handleSIGHUP":true,"handleSIGINT":true,"handleSIGTERM":true,"slowMo":0,"timeout":30000,"tracesDir":"C:\\Users\\User\\Desktop\\ROBOT\\Interactive-Card\\results\\browser\\traces\\temp\\9352099f-685b-4b86-8b4a-cb7f03a3c160"}</msg>
<arg>browser=${BROWSER}</arg>
<arg>headless=${HEADLESS}</arg>
<tag>BrowserControl</tag>
<tag>Setter</tag>
<doc>Create a new playwright Browser with specified options.</doc>
<status status="PASS" start="2025-04-12T13:06:57.477641" elapsed="2.865701"/>
</kw>
<kw name="New Context" owner="Browser">
<msg time="2025-04-12T13:07:00.350338" level="INFO">{
  "acceptDownloads": true,
  "bypassCSP": false,
  "forcedColors": "none",
  "ignoreHTTPSErrors": false,
  "javaScriptEnabled": true,
  "offline": false,
  "reducedMotion": "no-preference",
  "serviceWorkers": "allow",
  "viewport": {
    "width": 1200,
    "height": 800
  }
}</msg>
<msg time="2025-04-12T13:07:00.448341" level="INFO">Successfully created context. </msg>
<msg time="2025-04-12T13:07:00.448341" level="INFO">{'acceptDownloads': True, 'bypassCSP': False, 'forcedColors': 'none', 'ignoreHTTPSErrors': False, 'javaScriptEnabled': True, 'offline': False, 'reducedMotion': 'no-preference', 'serviceWorkers': 'allow', 'viewport': {'width': 1200, 'height': 800}}</msg>
<arg>viewport={"width": ${WIDTH}, "height": ${HEIGHT}}</arg>
<tag>BrowserControl</tag>
<tag>Setter</tag>
<doc>Create a new BrowserContext with specified options.</doc>
<status status="PASS" start="2025-04-12T13:07:00.345341" elapsed="0.103000"/>
</kw>
<kw name="New Page" owner="Browser">
<msg time="2025-04-12T13:07:01.679653" level="INFO">Successfully initialized new page object and opened url: http://127.0.0.1:5501/</msg>
<arg>${URL}</arg>
<tag>BrowserControl</tag>
<tag>Setter</tag>
<doc>Open a new Page.</doc>
<status status="PASS" start="2025-04-12T13:07:00.449341" elapsed="1.230312"/>
</kw>
<kw name="Get Title" owner="Browser">
<msg time="2025-04-12T13:07:01.702646" level="INFO">Title: 'Interactive Card'</msg>
<msg time="2025-04-12T13:07:01.703647" level="INFO">${title} = Interactive Card</msg>
<var>${title}</var>
<tag>Assertion</tag>
<tag>Getter</tag>
<tag>PageContent</tag>
<doc>Returns the title of the current page.</doc>
<status status="PASS" start="2025-04-12T13:07:01.680647" elapsed="0.023000"/>
</kw>
<kw name="Should Be Equal As Strings" owner="BuiltIn">
<arg>${title}</arg>
<arg>Interactive Card</arg>
<doc>Fails if objects are unequal after converting them to strings.</doc>
<status status="PASS" start="2025-04-12T13:07:01.703647" elapsed="0.001000"/>
</kw>
<kw name="Log" owner="BuiltIn">
<msg time="2025-04-12T13:07:01.705646" level="INFO">Interactive Card</msg>
<arg>${title}</arg>
<doc>Logs the given message with the given level.</doc>
<status status="PASS" start="2025-04-12T13:07:01.705646" elapsed="0.000999"/>
</kw>
<status status="PASS" start="2025-04-12T13:06:57.472641" elapsed="4.234004"/>
</kw>
<kw name="Preencher o formulário" owner="interactive-card">
<kw name="Name" owner="FakerLibrary">
<msg time="2025-04-12T13:07:01.720532" level="INFO">${nome} = Kathryn Rodriguez</msg>
<var>${nome}</var>
<doc>:example: 'John Doe'</doc>
<status status="PASS" start="2025-04-12T13:07:01.717531" elapsed="0.003001"/>
</kw>
<kw name="Random Number" owner="FakerLibrary">
<msg time="2025-04-12T13:07:01.721531" level="INFO">${numero} = 3677054702360268</msg>
<var>${numero}</var>
<arg>digits=16</arg>
<doc>Generate a random integer according to the following rules:</doc>
<status status="PASS" start="2025-04-12T13:07:01.720532" elapsed="0.000999"/>
</kw>
<kw name="Set Variable" owner="BuiltIn">
<msg time="2025-04-12T13:07:01.723535" level="INFO">${mes} = 09</msg>
<var>${mes}</var>
<arg>09</arg>
<doc>Returns the given values which can then be assigned to a variables.</doc>
<status status="PASS" start="2025-04-12T13:07:01.722532" elapsed="0.001003"/>
</kw>
<kw name="Set Variable" owner="BuiltIn">
<msg time="2025-04-12T13:07:01.724532" level="INFO">${ano} = 32</msg>
<var>${ano}</var>
<arg>32</arg>
<doc>Returns the given values which can then be assigned to a variables.</doc>
<status status="PASS" start="2025-04-12T13:07:01.723535" elapsed="0.000997"/>
</kw>
<kw name="Random Number" owner="FakerLibrary">
<msg time="2025-04-12T13:07:01.726536" level="INFO">${cvc} = 964</msg>
<var>${cvc}</var>
<arg>digits=3</arg>
<doc>Generate a random integer according to the following rules:</doc>
<status status="PASS" start="2025-04-12T13:07:01.725532" elapsed="0.001004"/>
</kw>
<kw name="Log To Console" owner="BuiltIn">
<arg>Nome gerado: ${nome}</arg>
<doc>Logs the given message to the console.</doc>
<status status="PASS" start="2025-04-12T13:07:01.727533" elapsed="0.001004"/>
</kw>
<kw name="Log To Console" owner="BuiltIn">
<arg>Cartão gerado: ${numero}</arg>
<doc>Logs the given message to the console.</doc>
<status status="PASS" start="2025-04-12T13:07:01.728537" elapsed="0.001995"/>
</kw>
<kw name="Type Text" owner="Browser">
<msg time="2025-04-12T13:07:01.732532" level="INFO">Types the text 'Kathryn Rodriguez' in the given field.</msg>
<arg>id=name</arg>
<arg>${nome}</arg>
<tag>PageContent</tag>
<tag>Setter</tag>
<doc>Types the given ``txt`` into the text field found by ``selector``.</doc>
<status status="PASS" start="2025-04-12T13:07:01.730532" elapsed="0.338649"/>
</kw>
<kw name="Type Text" owner="Browser">
<msg time="2025-04-12T13:07:02.072252" level="INFO">Types the text '3677054702360268' in the given field.</msg>
<arg>id=number</arg>
<arg>${numero}</arg>
<tag>PageContent</tag>
<tag>Setter</tag>
<doc>Types the given ``txt`` into the text field found by ``selector``.</doc>
<status status="PASS" start="2025-04-12T13:07:02.070182" elapsed="0.150641"/>
</kw>
<kw name="Type Text" owner="Browser">
<msg time="2025-04-12T13:07:02.223923" level="INFO">Types the text '09' in the given field.</msg>
<arg>id=month</arg>
<arg>${mes}</arg>
<tag>PageContent</tag>
<tag>Setter</tag>
<doc>Types the given ``txt`` into the text field found by ``selector``.</doc>
<status status="PASS" start="2025-04-12T13:07:02.221835" elapsed="0.056623"/>
</kw>
<kw name="Type Text" owner="Browser">
<msg time="2025-04-12T13:07:02.280462" level="INFO">Types the text '32' in the given field.</msg>
<arg>id=year</arg>
<arg>${ano}</arg>
<tag>PageContent</tag>
<tag>Setter</tag>
<doc>Types the given ``txt`` into the text field found by ``selector``.</doc>
<status status="PASS" start="2025-04-12T13:07:02.278458" elapsed="0.062003"/>
</kw>
<kw name="Type Text" owner="Browser">
<msg time="2025-04-12T13:07:02.342460" level="INFO">Types the text '964' in the given field.</msg>
<arg>id=cvc</arg>
<arg>${cvc}</arg>
<tag>PageContent</tag>
<tag>Setter</tag>
<doc>Types the given ``txt`` into the text field found by ``selector``.</doc>
<status status="PASS" start="2025-04-12T13:07:02.340461" elapsed="0.067003"/>
</kw>
<status status="PASS" start="2025-04-12T13:07:01.715530" elapsed="0.691934"/>
</kw>
<kw name="Confirmar envio" owner="interactive-card">
<kw name="Get Element States" owner="Browser">
<msg time="2025-04-12T13:07:02.504762" level="INFO">States are: ['attached', 'visible', 'enabled', 'defocused']</msg>
<arg>id=confirm-button</arg>
<arg>validate</arg>
<arg>value &amp; visible</arg>
<tag>Assertion</tag>
<tag>Getter</tag>
<tag>PageContent</tag>
<doc>Get the active states from the element found by ``selector``.</doc>
<status status="PASS" start="2025-04-12T13:07:02.417462" elapsed="0.087300"/>
</kw>
<kw name="Click" owner="Browser">
<msg time="2025-04-12T13:07:02.505763" level="INFO">Clicks the element 'id=confirm-button'.</msg>
<arg>id=confirm-button</arg>
<tag>PageContent</tag>
<tag>Setter</tag>
<doc>Simulates mouse click on the element found by ``selector``.</doc>
<status status="PASS" start="2025-04-12T13:07:02.504762" elapsed="0.056903"/>
</kw>
<status status="PASS" start="2025-04-12T13:07:02.416456" elapsed="0.146204"/>
</kw>
<kw name="Validar mensagem de sucesso" owner="interactive-card">
<kw name="Wait For Elements State" owner="Browser">
<msg time="2025-04-12T13:07:02.575669" level="INFO">Waited for Element with selector xpath=//h3[contains(text(), "THANK YOU!")] at state visible</msg>
<arg>xpath=//h3[contains(text(), "THANK YOU!")]</arg>
<arg>visible</arg>
<tag>PageContent</tag>
<tag>Wait</tag>
<doc>Waits for the element found by ``selector`` to satisfy state option.</doc>
<status status="PASS" start="2025-04-12T13:07:02.563669" elapsed="0.012000"/>
</kw>
<kw name="Get Element" owner="Browser">
<msg time="2025-04-12T13:07:02.587662" level="INFO">Locator found successfully.</msg>
<msg time="2025-04-12T13:07:02.588660" level="INFO">${elemento} = xpath=//h3[contains(text(), "THANK YOU!")]</msg>
<var>${elemento}</var>
<arg>xpath=//h3[contains(text(), "THANK YOU!")]</arg>
<tag>Getter</tag>
<tag>PageContent</tag>
<doc>Returns a reference to a Playwright [https://playwright.dev/docs/api/class-locator|Locator].</doc>
<status status="PASS" start="2025-04-12T13:07:02.576666" elapsed="0.011994"/>
</kw>
<kw name="Get Text" owner="Browser">
<msg time="2025-04-12T13:07:02.618669" level="INFO">Text: 'THANK YOU!'</msg>
<msg time="2025-04-12T13:07:02.619661" level="INFO">${mensagem_sucesso} = THANK YOU!</msg>
<var>${mensagem_sucesso}</var>
<arg>${elemento}</arg>
<tag>Assertion</tag>
<tag>Getter</tag>
<tag>PageContent</tag>
<doc>Returns text attribute of the element found by ``selector``.</doc>
<status status="PASS" start="2025-04-12T13:07:02.588660" elapsed="0.031001"/>
</kw>
<kw name="Should Be Equal" owner="BuiltIn">
<arg>${mensagem_sucesso}</arg>
<arg>THANK YOU!</arg>
<doc>Fails if the given objects are unequal.</doc>
<status status="PASS" start="2025-04-12T13:07:02.619661" elapsed="0.001000"/>
</kw>
<kw name="Highlight Elements" owner="Browser">
<msg time="2025-04-12T13:07:02.636664" level="INFO">Highlighted 1 elements for 5000.</msg>
<arg>${elemento}</arg>
<tag>PageContent</tag>
<tag>Setter</tag>
<doc>Adds a highlight to elements matched by the ``selector``. Provides a style adjustment.</doc>
<status status="PASS" start="2025-04-12T13:07:02.620661" elapsed="0.017001"/>
</kw>
<kw name="Take Screenshot" owner="Browser">
<msg time="2025-04-12T13:07:03.054955" level="INFO" html="true">&lt;/td&gt;&lt;/tr&gt;&lt;tr&gt;&lt;td colspan="3"&gt;&lt;a href="browser/screenshot/robotframework-browser-screenshot-1.png" target="_blank"&gt;&lt;img src="browser/screenshot/robotframework-browser-screenshot-1.png" width="800px"/&gt;&lt;/a&gt;</msg>
<arg>fullPage=${True}</arg>
<tag>PageContent</tag>
<doc>Takes a screenshot of the current window or element and saves it to disk.</doc>
<status status="PASS" start="2025-04-12T13:07:02.637662" elapsed="0.417293"/>
</kw>
<status status="PASS" start="2025-04-12T13:07:02.562660" elapsed="0.493292"/>
</kw>
<kw name="Close Browser" owner="Browser" type="TEARDOWN">
<msg time="2025-04-12T13:07:04.102666" level="INFO">Closed browser</msg>
<tag>BrowserControl</tag>
<tag>Setter</tag>
<doc>Closes the current browser.</doc>
<status status="PASS" start="2025-04-12T13:07:03.071954" elapsed="1.030712"/>
</kw>
<status status="PASS" start="2025-04-12T13:06:57.467640" elapsed="6.635561"/>
</test>
<test id="s1-s1-t2" name="Validar o não envio do formulário com campos em branco" line="15">
<kw name="Abrir a página do formulário" owner="interactive-card" type="SETUP">
<kw name="New Browser" owner="Browser">
<msg time="2025-04-12T13:07:04.165196" level="INFO">{"browser": "chromium", "headless": false, "chromiumSandbox": false, "devtools": false, "handleSIGHUP": true, "handleSIGINT": true, "handleSIGTERM": true, "slowMo": 0.0, "timeout": 30000.0, "tracesDir": "C:\\Users\\User\\Desktop\\ROBOT\\Interactive-Card\\results\\browser\\traces\\temp\\8f130866-3743-4755-96a4-d61b1a9f8a39"}</msg>
<msg time="2025-04-12T13:07:04.787994" level="INFO">Successfully created browser with options: {"browser":"chromium","headless":false,"chromiumSandbox":false,"devtools":false,"handleSIGHUP":true,"handleSIGINT":true,"handleSIGTERM":true,"slowMo":0,"timeout":30000,"tracesDir":"C:\\Users\\User\\Desktop\\ROBOT\\Interactive-Card\\results\\browser\\traces\\temp\\8f130866-3743-4755-96a4-d61b1a9f8a39"}</msg>
<arg>browser=${BROWSER}</arg>
<arg>headless=${HEADLESS}</arg>
<tag>BrowserControl</tag>
<tag>Setter</tag>
<doc>Create a new playwright Browser with specified options.</doc>
<status status="PASS" start="2025-04-12T13:07:04.163190" elapsed="0.625804"/>
</kw>
<kw name="New Context" owner="Browser">
<msg time="2025-04-12T13:07:04.793991" level="INFO">{
  "acceptDownloads": true,
  "bypassCSP": false,
  "forcedColors": "none",
  "ignoreHTTPSErrors": false,
  "javaScriptEnabled": true,
  "offline": false,
  "reducedMotion": "no-preference",
  "serviceWorkers": "allow",
  "viewport": {
    "width": 1200,
    "height": 800
  }
}</msg>
<msg time="2025-04-12T13:07:04.872991" level="INFO">Successfully created context. </msg>
<msg time="2025-04-12T13:07:04.872991" level="INFO">{'acceptDownloads': True, 'bypassCSP': False, 'forcedColors': 'none', 'ignoreHTTPSErrors': False, 'javaScriptEnabled': True, 'offline': False, 'reducedMotion': 'no-preference', 'serviceWorkers': 'allow', 'viewport': {'width': 1200, 'height': 800}}</msg>
<arg>viewport={"width": ${WIDTH}, "height": ${HEIGHT}}</arg>
<tag>BrowserControl</tag>
<tag>Setter</tag>
<doc>Create a new BrowserContext with specified options.</doc>
<status status="PASS" start="2025-04-12T13:07:04.788994" elapsed="0.083997"/>
</kw>
<kw name="New Page" owner="Browser">
<msg time="2025-04-12T13:07:06.009415" level="INFO">Successfully initialized new page object and opened url: http://127.0.0.1:5501/</msg>
<arg>${URL}</arg>
<tag>BrowserControl</tag>
<tag>Setter</tag>
<doc>Open a new Page.</doc>
<status status="PASS" start="2025-04-12T13:07:04.873991" elapsed="1.135424"/>
</kw>
<kw name="Get Title" owner="Browser">
<msg time="2025-04-12T13:07:06.026414" level="INFO">Title: 'Interactive Card'</msg>
<msg time="2025-04-12T13:07:06.027414" level="INFO">${title} = Interactive Card</msg>
<var>${title}</var>
<tag>Assertion</tag>
<tag>Getter</tag>
<tag>PageContent</tag>
<doc>Returns the title of the current page.</doc>
<status status="PASS" start="2025-04-12T13:07:06.010416" elapsed="0.016998"/>
</kw>
<kw name="Should Be Equal As Strings" owner="BuiltIn">
<arg>${title}</arg>
<arg>Interactive Card</arg>
<doc>Fails if objects are unequal after converting them to strings.</doc>
<status status="PASS" start="2025-04-12T13:07:06.027414" elapsed="0.001004"/>
</kw>
<kw name="Log" owner="BuiltIn">
<msg time="2025-04-12T13:07:06.030413" level="INFO">Interactive Card</msg>
<arg>${title}</arg>
<doc>Logs the given message with the given level.</doc>
<status status="PASS" start="2025-04-12T13:07:06.029410" elapsed="0.001003"/>
</kw>
<status status="PASS" start="2025-04-12T13:07:04.162196" elapsed="1.869218"/>
</kw>
<kw name="Validar que campos obrigatórios não permitem envio vazio" owner="interactive-card">
<kw name="Click" owner="Browser">
<msg time="2025-04-12T13:07:06.041414" level="INFO">Clicks the element 'id=confirm-button'.</msg>
<arg>id=confirm-button</arg>
<tag>PageContent</tag>
<tag>Setter</tag>
<doc>Simulates mouse click on the element found by ``selector``.</doc>
<status status="PASS" start="2025-04-12T13:07:06.040416" elapsed="0.157491"/>
</kw>
<kw name="Wait For Elements State" owner="Browser">
<msg time="2025-04-12T13:07:06.217150" level="INFO">Waited for Element with selector xpath=//span[contains(@class, 'name-error')] at state visible</msg>
<arg>xpath=//span[contains(@class, 'name-error')]</arg>
<arg>visible</arg>
<tag>PageContent</tag>
<tag>Wait</tag>
<doc>Waits for the element found by ``selector`` to satisfy state option.</doc>
<status status="PASS" start="2025-04-12T13:07:06.198909" elapsed="0.018241"/>
</kw>
<kw name="Get Text" owner="Browser">
<msg time="2025-04-12T13:07:06.275148" level="INFO">Text: "Can't be blank"</msg>
<msg time="2025-04-12T13:07:06.275148" level="INFO">${erro_nome} = Can't be blank</msg>
<var>${erro_nome}</var>
<arg>xpath=//span[contains(@class, 'name-error')]</arg>
<tag>Assertion</tag>
<tag>Getter</tag>
<tag>PageContent</tag>
<doc>Returns text attribute of the element found by ``selector``.</doc>
<status status="PASS" start="2025-04-12T13:07:06.218154" elapsed="0.057997"/>
</kw>
<kw name="Should Be Equal" owner="BuiltIn">
<arg>${erro_nome}</arg>
<arg>Can't be blank</arg>
<doc>Fails if the given objects are unequal.</doc>
<status status="PASS" start="2025-04-12T13:07:06.276151" elapsed="0.000000"/>
</kw>
<kw name="Wait For Elements State" owner="Browser">
<msg time="2025-04-12T13:07:06.294149" level="INFO">Waited for Element with selector xpath=//span[contains(@class, 'month-error')] at state visible</msg>
<arg>xpath=//span[contains(@class, 'month-error')]</arg>
<arg>visible</arg>
<tag>PageContent</tag>
<tag>Wait</tag>
<doc>Waits for the element found by ``selector`` to satisfy state option.</doc>
<status status="PASS" start="2025-04-12T13:07:06.277149" elapsed="0.018005"/>
</kw>
<kw name="Get Text" owner="Browser">
<msg time="2025-04-12T13:07:06.339652" level="INFO">Text: "Can't be blank"</msg>
<msg time="2025-04-12T13:07:06.339652" level="INFO">${erro_mes} = Can't be blank</msg>
<var>${erro_mes}</var>
<arg>xpath=//span[contains(@class, 'month-error')]</arg>
<tag>Assertion</tag>
<tag>Getter</tag>
<tag>PageContent</tag>
<doc>Returns text attribute of the element found by ``selector``.</doc>
<status status="PASS" start="2025-04-12T13:07:06.296151" elapsed="0.043501"/>
</kw>
<kw name="Should Be Equal" owner="BuiltIn">
<arg>${erro_mes}</arg>
<arg>Can't be blank</arg>
<doc>Fails if the given objects are unequal.</doc>
<status status="PASS" start="2025-04-12T13:07:06.339652" elapsed="0.001001"/>
</kw>
<kw name="Wait For Elements State" owner="Browser">
<msg time="2025-04-12T13:07:06.358649" level="INFO">Waited for Element with selector xpath=//span[contains(@class, 'cvc-error')] at state visible</msg>
<arg>xpath=//span[contains(@class, 'cvc-error')]</arg>
<arg>visible</arg>
<tag>PageContent</tag>
<tag>Wait</tag>
<doc>Waits for the element found by ``selector`` to satisfy state option.</doc>
<status status="PASS" start="2025-04-12T13:07:06.340653" elapsed="0.017996"/>
</kw>
<kw name="Get Text" owner="Browser">
<msg time="2025-04-12T13:07:06.391651" level="INFO">Text: "Can't be blank"</msg>
<msg time="2025-04-12T13:07:06.391651" level="INFO">${erro_cvc} = Can't be blank</msg>
<var>${erro_cvc}</var>
<arg>xpath=//span[contains(@class, 'cvc-error')]</arg>
<tag>Assertion</tag>
<tag>Getter</tag>
<tag>PageContent</tag>
<doc>Returns text attribute of the element found by ``selector``.</doc>
<status status="PASS" start="2025-04-12T13:07:06.359648" elapsed="0.032003"/>
</kw>
<kw name="Should Be Equal" owner="BuiltIn">
<arg>${erro_cvc}</arg>
<arg>Can't be blank</arg>
<doc>Fails if the given objects are unequal.</doc>
<status status="PASS" start="2025-04-12T13:07:06.392650" elapsed="0.001001"/>
</kw>
<status status="PASS" start="2025-04-12T13:07:06.039410" elapsed="0.354241"/>
</kw>
<kw name="Close Browser" owner="Browser" type="TEARDOWN">
<msg time="2025-04-12T13:07:07.026344" level="INFO">Closed browser</msg>
<tag>BrowserControl</tag>
<tag>Setter</tag>
<doc>Closes the current browser.</doc>
<status status="PASS" start="2025-04-12T13:07:06.394646" elapsed="0.631698"/>
</kw>
<status status="PASS" start="2025-04-12T13:07:04.157192" elapsed="2.870152"/>
</test>
<test id="s1-s1-t3" name="Validar campo nome" line="19">
<kw name="Abrir a página do formulário" owner="interactive-card" type="SETUP">
<kw name="New Browser" owner="Browser">
<msg time="2025-04-12T13:07:07.098273" level="INFO">{"browser": "chromium", "headless": false, "chromiumSandbox": false, "devtools": false, "handleSIGHUP": true, "handleSIGINT": true, "handleSIGTERM": true, "slowMo": 0.0, "timeout": 30000.0, "tracesDir": "C:\\Users\\User\\Desktop\\ROBOT\\Interactive-Card\\results\\browser\\traces\\temp\\bf580bcf-7193-4294-8e27-0a86d253fb3c"}</msg>
<msg time="2025-04-12T13:07:07.662517" level="INFO">Successfully created browser with options: {"browser":"chromium","headless":false,"chromiumSandbox":false,"devtools":false,"handleSIGHUP":true,"handleSIGINT":true,"handleSIGTERM":true,"slowMo":0,"timeout":30000,"tracesDir":"C:\\Users\\User\\Desktop\\ROBOT\\Interactive-Card\\results\\browser\\traces\\temp\\bf580bcf-7193-4294-8e27-0a86d253fb3c"}</msg>
<arg>browser=${BROWSER}</arg>
<arg>headless=${HEADLESS}</arg>
<tag>BrowserControl</tag>
<tag>Setter</tag>
<doc>Create a new playwright Browser with specified options.</doc>
<status status="PASS" start="2025-04-12T13:07:07.096271" elapsed="0.567249"/>
</kw>
<kw name="New Context" owner="Browser">
<msg time="2025-04-12T13:07:07.669514" level="INFO">{
  "acceptDownloads": true,
  "bypassCSP": false,
  "forcedColors": "none",
  "ignoreHTTPSErrors": false,
  "javaScriptEnabled": true,
  "offline": false,
  "reducedMotion": "no-preference",
  "serviceWorkers": "allow",
  "viewport": {
    "width": 1200,
    "height": 800
  }
}</msg>
<msg time="2025-04-12T13:07:07.756516" level="INFO">Successfully created context. </msg>
<msg time="2025-04-12T13:07:07.756516" level="INFO">{'acceptDownloads': True, 'bypassCSP': False, 'forcedColors': 'none', 'ignoreHTTPSErrors': False, 'javaScriptEnabled': True, 'offline': False, 'reducedMotion': 'no-preference', 'serviceWorkers': 'allow', 'viewport': {'width': 1200, 'height': 800}}</msg>
<arg>viewport={"width": ${WIDTH}, "height": ${HEIGHT}}</arg>
<tag>BrowserControl</tag>
<tag>Setter</tag>
<doc>Create a new BrowserContext with specified options.</doc>
<status status="PASS" start="2025-04-12T13:07:07.664516" elapsed="0.092000"/>
</kw>
<kw name="New Page" owner="Browser">
<msg time="2025-04-12T13:07:08.976154" level="INFO">Successfully initialized new page object and opened url: http://127.0.0.1:5501/</msg>
<arg>${URL}</arg>
<tag>BrowserControl</tag>
<tag>Setter</tag>
<doc>Open a new Page.</doc>
<status status="PASS" start="2025-04-12T13:07:07.757519" elapsed="1.219634"/>
</kw>
<kw name="Get Title" owner="Browser">
<msg time="2025-04-12T13:07:08.994152" level="INFO">Title: 'Interactive Card'</msg>
<msg time="2025-04-12T13:07:08.995153" level="INFO">${title} = Interactive Card</msg>
<var>${title}</var>
<tag>Assertion</tag>
<tag>Getter</tag>
<tag>PageContent</tag>
<doc>Returns the title of the current page.</doc>
<status status="PASS" start="2025-04-12T13:07:08.977153" elapsed="0.018000"/>
</kw>
<kw name="Should Be Equal As Strings" owner="BuiltIn">
<arg>${title}</arg>
<arg>Interactive Card</arg>
<doc>Fails if objects are unequal after converting them to strings.</doc>
<status status="PASS" start="2025-04-12T13:07:08.995153" elapsed="0.001998"/>
</kw>
<kw name="Log" owner="BuiltIn">
<msg time="2025-04-12T13:07:08.998158" level="INFO">Interactive Card</msg>
<arg>${title}</arg>
<doc>Logs the given message with the given level.</doc>
<status status="PASS" start="2025-04-12T13:07:08.997151" elapsed="0.001007"/>
</kw>
<status status="PASS" start="2025-04-12T13:07:07.094268" elapsed="1.904893"/>
</kw>
<kw name="Validar Campo Nome - Apenas Letras e Espaços" owner="interactive-card">
<kw name="Name" owner="FakerLibrary">
<msg time="2025-04-12T13:07:09.006159" level="INFO">${nome_valido} = Stacey Smith</msg>
<var>${nome_valido}</var>
<doc>:example: 'John Doe'</doc>
<status status="PASS" start="2025-04-12T13:07:09.005160" elapsed="0.001995"/>
</kw>
<kw name="Type Text" owner="Browser">
<msg time="2025-04-12T13:07:09.009153" level="INFO">Types the text 'Stacey Smith' in the given field.</msg>
<arg>id=name</arg>
<arg>${nome_valido}</arg>
<tag>PageContent</tag>
<tag>Setter</tag>
<doc>Types the given ``txt`` into the text field found by ``selector``.</doc>
<status status="PASS" start="2025-04-12T13:07:09.007155" elapsed="0.256379"/>
</kw>
<kw name="Get Property" owner="Browser">
<msg time="2025-04-12T13:07:09.319533" level="INFO">Property: 'Stacey Smith'</msg>
<msg time="2025-04-12T13:07:09.319533" level="INFO">${valor_nome} = Stacey Smith</msg>
<var>${valor_nome}</var>
<arg>id=name</arg>
<arg>value</arg>
<tag>Assertion</tag>
<tag>Getter</tag>
<tag>PageContent</tag>
<doc>Returns the ``property`` of the element found by ``selector``.</doc>
<status status="PASS" start="2025-04-12T13:07:09.264533" elapsed="0.055000"/>
</kw>
<kw name="Should Match Regexp" owner="BuiltIn">
<arg>${valor_nome}</arg>
<arg>^[A-Za-z\\s]+$</arg>
<doc>Fails if ``string`` does not match ``pattern`` as a regular expression.</doc>
<status status="PASS" start="2025-04-12T13:07:09.320533" elapsed="0.000995"/>
</kw>
<doc>Verifica se o campo de nome aceita apenas letras e espaços.</doc>
<status status="PASS" start="2025-04-12T13:07:09.004159" elapsed="0.317369"/>
</kw>
<kw name="Close Browser" owner="Browser" type="TEARDOWN">
<msg time="2025-04-12T13:07:09.940884" level="INFO">Closed browser</msg>
<tag>BrowserControl</tag>
<tag>Setter</tag>
<doc>Closes the current browser.</doc>
<status status="PASS" start="2025-04-12T13:07:09.322527" elapsed="0.618357"/>
</kw>
<status status="PASS" start="2025-04-12T13:07:07.087737" elapsed="2.854146"/>
</test>
<test id="s1-s1-t4" name="Validar Campo Número do Cartão" line="22">
<kw name="Abrir a página do formulário" owner="interactive-card" type="SETUP">
<kw name="New Browser" owner="Browser">
<msg time="2025-04-12T13:07:10.002883" level="INFO">{"browser": "chromium", "headless": false, "chromiumSandbox": false, "devtools": false, "handleSIGHUP": true, "handleSIGINT": true, "handleSIGTERM": true, "slowMo": 0.0, "timeout": 30000.0, "tracesDir": "C:\\Users\\User\\Desktop\\ROBOT\\Interactive-Card\\results\\browser\\traces\\temp\\661d0d45-57bb-46a6-b103-94b2eef14ff0"}</msg>
<msg time="2025-04-12T13:07:10.483344" level="INFO">Successfully created browser with options: {"browser":"chromium","headless":false,"chromiumSandbox":false,"devtools":false,"handleSIGHUP":true,"handleSIGINT":true,"handleSIGTERM":true,"slowMo":0,"timeout":30000,"tracesDir":"C:\\Users\\User\\Desktop\\ROBOT\\Interactive-Card\\results\\browser\\traces\\temp\\661d0d45-57bb-46a6-b103-94b2eef14ff0"}</msg>
<arg>browser=${BROWSER}</arg>
<arg>headless=${HEADLESS}</arg>
<tag>BrowserControl</tag>
<tag>Setter</tag>
<doc>Create a new playwright Browser with specified options.</doc>
<status status="PASS" start="2025-04-12T13:07:10.000884" elapsed="0.482460"/>
</kw>
<kw name="New Context" owner="Browser">
<msg time="2025-04-12T13:07:10.488344" level="INFO">{
  "acceptDownloads": true,
  "bypassCSP": false,
  "forcedColors": "none",
  "ignoreHTTPSErrors": false,
  "javaScriptEnabled": true,
  "offline": false,
  "reducedMotion": "no-preference",
  "serviceWorkers": "allow",
  "viewport": {
    "width": 1200,
    "height": 800
  }
}</msg>
<msg time="2025-04-12T13:07:10.626743" level="INFO">Successfully created context. </msg>
<msg time="2025-04-12T13:07:10.626743" level="INFO">{'acceptDownloads': True, 'bypassCSP': False, 'forcedColors': 'none', 'ignoreHTTPSErrors': False, 'javaScriptEnabled': True, 'offline': False, 'reducedMotion': 'no-preference', 'serviceWorkers': 'allow', 'viewport': {'width': 1200, 'height': 800}}</msg>
<arg>viewport={"width": ${WIDTH}, "height": ${HEIGHT}}</arg>
<tag>BrowserControl</tag>
<tag>Setter</tag>
<doc>Create a new BrowserContext with specified options.</doc>
<status status="PASS" start="2025-04-12T13:07:10.484353" elapsed="0.142390"/>
</kw>
<kw name="New Page" owner="Browser">
<msg time="2025-04-12T13:07:11.821676" level="INFO">Successfully initialized new page object and opened url: http://127.0.0.1:5501/</msg>
<arg>${URL}</arg>
<tag>BrowserControl</tag>
<tag>Setter</tag>
<doc>Open a new Page.</doc>
<status status="PASS" start="2025-04-12T13:07:10.627750" elapsed="1.193926"/>
</kw>
<kw name="Get Title" owner="Browser">
<msg time="2025-04-12T13:07:11.845669" level="INFO">Title: 'Interactive Card'</msg>
<msg time="2025-04-12T13:07:11.845669" level="INFO">${title} = Interactive Card</msg>
<var>${title}</var>
<tag>Assertion</tag>
<tag>Getter</tag>
<tag>PageContent</tag>
<doc>Returns the title of the current page.</doc>
<status status="PASS" start="2025-04-12T13:07:11.822672" elapsed="0.022997"/>
</kw>
<kw name="Should Be Equal As Strings" owner="BuiltIn">
<arg>${title}</arg>
<arg>Interactive Card</arg>
<doc>Fails if objects are unequal after converting them to strings.</doc>
<status status="PASS" start="2025-04-12T13:07:11.846668" elapsed="0.001004"/>
</kw>
<kw name="Log" owner="BuiltIn">
<msg time="2025-04-12T13:07:11.848672" level="INFO">Interactive Card</msg>
<arg>${title}</arg>
<doc>Logs the given message with the given level.</doc>
<status status="PASS" start="2025-04-12T13:07:11.847672" elapsed="0.001000"/>
</kw>
<status status="PASS" start="2025-04-12T13:07:10.000884" elapsed="1.847788"/>
</kw>
<kw name="Validar Campo Número do Cartão - Exatamente 16 Dígitos" owner="interactive-card">
<kw name="Type Text" owner="Browser">
<msg time="2025-04-12T13:07:11.860669" level="INFO">Types the text 'Maria Silva' in the given field.</msg>
<arg>id=name</arg>
<arg>Maria Silva</arg>
<tag>PageContent</tag>
<tag>Setter</tag>
<doc>Types the given ``txt`` into the text field found by ``selector``.</doc>
<status status="PASS" start="2025-04-12T13:07:11.859667" elapsed="0.176221"/>
</kw>
<kw name="Type Text" owner="Browser">
<msg time="2025-04-12T13:07:12.036888" level="INFO">Types the text '1234567890123456' in the given field.</msg>
<arg>id=number</arg>
<arg>1234567890123456</arg>
<tag>PageContent</tag>
<tag>Setter</tag>
<doc>Types the given ``txt`` into the text field found by ``selector``.</doc>
<status status="PASS" start="2025-04-12T13:07:12.036888" elapsed="0.130539"/>
</kw>
<kw name="Get Property" owner="Browser">
<msg time="2025-04-12T13:07:12.197424" level="INFO">Property: '1234567890123456'</msg>
<msg time="2025-04-12T13:07:12.197424" level="INFO">${valor_numero} = 1234567890123456</msg>
<var>${valor_numero}</var>
<arg>id=number</arg>
<arg>value</arg>
<tag>Assertion</tag>
<tag>Getter</tag>
<tag>PageContent</tag>
<doc>Returns the ``property`` of the element found by ``selector``.</doc>
<status status="PASS" start="2025-04-12T13:07:12.167427" elapsed="0.029997"/>
</kw>
<kw name="Should Match Regexp" owner="BuiltIn">
<arg>${valor_numero}</arg>
<arg>^\\d{16}$</arg>
<doc>Fails if ``string`` does not match ``pattern`` as a regular expression.</doc>
<status status="PASS" start="2025-04-12T13:07:12.197424" elapsed="0.001001"/>
</kw>
<kw name="Type Text" owner="Browser">
<msg time="2025-04-12T13:07:12.199424" level="INFO">Types the text '09' in the given field.</msg>
<arg>id=month</arg>
<arg>09</arg>
<tag>PageContent</tag>
<tag>Setter</tag>
<doc>Types the given ``txt`` into the text field found by ``selector``.</doc>
<status status="PASS" start="2025-04-12T13:07:12.198425" elapsed="0.040538"/>
</kw>
<kw name="Type Text" owner="Browser">
<msg time="2025-04-12T13:07:12.241964" level="INFO">Types the text '25' in the given field.</msg>
<arg>id=year</arg>
<arg>25</arg>
<tag>PageContent</tag>
<tag>Setter</tag>
<doc>Types the given ``txt`` into the text field found by ``selector``.</doc>
<status status="PASS" start="2025-04-12T13:07:12.240972" elapsed="0.048115"/>
</kw>
<kw name="Type Text" owner="Browser">
<msg time="2025-04-12T13:07:12.293089" level="INFO">Types the text '123' in the given field.</msg>
<arg>id=cvc</arg>
<arg>123</arg>
<tag>PageContent</tag>
<tag>Setter</tag>
<doc>Types the given ``txt`` into the text field found by ``selector``.</doc>
<status status="PASS" start="2025-04-12T13:07:12.291085" elapsed="0.047002"/>
</kw>
<kw name="Click" owner="Browser">
<msg time="2025-04-12T13:07:12.339089" level="INFO">Clicks the element 'id=confirm-button'.</msg>
<arg>id=confirm-button</arg>
<tag>PageContent</tag>
<tag>Setter</tag>
<doc>Simulates mouse click on the element found by ``selector``.</doc>
<status status="PASS" start="2025-04-12T13:07:12.338087" elapsed="0.060051"/>
</kw>
<kw name="Wait For Elements State" owner="Browser">
<msg time="2025-04-12T13:07:12.412138" level="INFO">Waited for Element with selector xpath=//h3[contains(text(), "THANK YOU!")] at state visible</msg>
<arg>xpath=//h3[contains(text(), "THANK YOU!")]</arg>
<arg>visible</arg>
<tag>PageContent</tag>
<tag>Wait</tag>
<doc>Waits for the element found by ``selector`` to satisfy state option.</doc>
<status status="PASS" start="2025-04-12T13:07:12.398138" elapsed="0.014000"/>
</kw>
<doc>Verifica se o campo número do cartão tem exatamente 16 dígitos.</doc>
<status status="PASS" start="2025-04-12T13:07:11.858669" elapsed="0.553469"/>
</kw>
<kw name="Close Browser" owner="Browser" type="TEARDOWN">
<msg time="2025-04-12T13:07:12.999388" level="INFO">Closed browser</msg>
<tag>BrowserControl</tag>
<tag>Setter</tag>
<doc>Closes the current browser.</doc>
<status status="PASS" start="2025-04-12T13:07:12.413132" elapsed="0.587259"/>
</kw>
<status status="PASS" start="2025-04-12T13:07:09.996883" elapsed="3.003508"/>
</test>
<test id="s1-s1-t5" name="Validar Campo Data de Validade" line="25">
<kw name="Abrir a página do formulário" owner="interactive-card" type="SETUP">
<kw name="New Browser" owner="Browser">
<msg time="2025-04-12T13:07:13.063970" level="INFO">{"browser": "chromium", "headless": false, "chromiumSandbox": false, "devtools": false, "handleSIGHUP": true, "handleSIGINT": true, "handleSIGTERM": true, "slowMo": 0.0, "timeout": 30000.0, "tracesDir": "C:\\Users\\User\\Desktop\\ROBOT\\Interactive-Card\\results\\browser\\traces\\temp\\32bc7b77-490f-41d1-91fe-ae698b2a54fe"}</msg>
<msg time="2025-04-12T13:07:13.653942" level="INFO">Successfully created browser with options: {"browser":"chromium","headless":false,"chromiumSandbox":false,"devtools":false,"handleSIGHUP":true,"handleSIGINT":true,"handleSIGTERM":true,"slowMo":0,"timeout":30000,"tracesDir":"C:\\Users\\User\\Desktop\\ROBOT\\Interactive-Card\\results\\browser\\traces\\temp\\32bc7b77-490f-41d1-91fe-ae698b2a54fe"}</msg>
<arg>browser=${BROWSER}</arg>
<arg>headless=${HEADLESS}</arg>
<tag>BrowserControl</tag>
<tag>Setter</tag>
<doc>Create a new playwright Browser with specified options.</doc>
<status status="PASS" start="2025-04-12T13:07:13.060974" elapsed="0.592968"/>
</kw>
<kw name="New Context" owner="Browser">
<msg time="2025-04-12T13:07:13.663940" level="INFO">{
  "acceptDownloads": true,
  "bypassCSP": false,
  "forcedColors": "none",
  "ignoreHTTPSErrors": false,
  "javaScriptEnabled": true,
  "offline": false,
  "reducedMotion": "no-preference",
  "serviceWorkers": "allow",
  "viewport": {
    "width": 1200,
    "height": 800
  }
}</msg>
<msg time="2025-04-12T13:07:13.748884" level="INFO">Successfully created context. </msg>
<msg time="2025-04-12T13:07:13.749887" level="INFO">{'acceptDownloads': True, 'bypassCSP': False, 'forcedColors': 'none', 'ignoreHTTPSErrors': False, 'javaScriptEnabled': True, 'offline': False, 'reducedMotion': 'no-preference', 'serviceWorkers': 'allow', 'viewport': {'width': 1200, 'height': 800}}</msg>
<arg>viewport={"width": ${WIDTH}, "height": ${HEIGHT}}</arg>
<tag>BrowserControl</tag>
<tag>Setter</tag>
<doc>Create a new BrowserContext with specified options.</doc>
<status status="PASS" start="2025-04-12T13:07:13.656944" elapsed="0.092943"/>
</kw>
<kw name="New Page" owner="Browser">
<msg time="2025-04-12T13:07:14.974731" level="INFO">Successfully initialized new page object and opened url: http://127.0.0.1:5501/</msg>
<arg>${URL}</arg>
<tag>BrowserControl</tag>
<tag>Setter</tag>
<doc>Open a new Page.</doc>
<status status="PASS" start="2025-04-12T13:07:13.749887" elapsed="1.225841"/>
</kw>
<kw name="Get Title" owner="Browser">
<msg time="2025-04-12T13:07:14.995723" level="INFO">Title: 'Interactive Card'</msg>
<msg time="2025-04-12T13:07:14.995723" level="INFO">${title} = Interactive Card</msg>
<var>${title}</var>
<tag>Assertion</tag>
<tag>Getter</tag>
<tag>PageContent</tag>
<doc>Returns the title of the current page.</doc>
<status status="PASS" start="2025-04-12T13:07:14.975728" elapsed="0.019995"/>
</kw>
<kw name="Should Be Equal As Strings" owner="BuiltIn">
<arg>${title}</arg>
<arg>Interactive Card</arg>
<doc>Fails if objects are unequal after converting them to strings.</doc>
<status status="PASS" start="2025-04-12T13:07:14.996728" elapsed="0.000000"/>
</kw>
<kw name="Log" owner="BuiltIn">
<msg time="2025-04-12T13:07:14.998726" level="INFO">Interactive Card</msg>
<arg>${title}</arg>
<doc>Logs the given message with the given level.</doc>
<status status="PASS" start="2025-04-12T13:07:14.997727" elapsed="0.000999"/>
</kw>
<status status="PASS" start="2025-04-12T13:07:13.059966" elapsed="1.938760"/>
</kw>
<kw name="Validar Campo Data de Validade - Mês e Ano Válidos" owner="interactive-card">
<kw name="Type Text" owner="Browser">
<msg time="2025-04-12T13:07:15.015730" level="INFO">Types the text 'Maria Silva' in the given field.</msg>
<arg>id=name</arg>
<arg>Maria Silva</arg>
<tag>PageContent</tag>
<tag>Setter</tag>
<doc>Types the given ``txt`` into the text field found by ``selector``.</doc>
<status status="PASS" start="2025-04-12T13:07:15.013726" elapsed="0.206192"/>
</kw>
<kw name="Type Text" owner="Browser">
<msg time="2025-04-12T13:07:15.222920" level="INFO">Types the text '1234567890123456' in the given field.</msg>
<arg>id=number</arg>
<arg>1234567890123456</arg>
<tag>PageContent</tag>
<tag>Setter</tag>
<doc>Types the given ``txt`` into the text field found by ``selector``.</doc>
<status status="PASS" start="2025-04-12T13:07:15.220920" elapsed="0.148435"/>
</kw>
<kw name="Type Text" owner="Browser">
<msg time="2025-04-12T13:07:15.372355" level="INFO">Types the text '09' in the given field.</msg>
<arg>id=month</arg>
<arg>09</arg>
<tag>PageContent</tag>
<tag>Setter</tag>
<doc>Types the given ``txt`` into the text field found by ``selector``.</doc>
<status status="PASS" start="2025-04-12T13:07:15.370353" elapsed="0.047937"/>
</kw>
<kw name="Type Text" owner="Browser">
<msg time="2025-04-12T13:07:15.420285" level="INFO">Types the text '25' in the given field.</msg>
<arg>id=year</arg>
<arg>25</arg>
<tag>PageContent</tag>
<tag>Setter</tag>
<doc>Types the given ``txt`` into the text field found by ``selector``.</doc>
<status status="PASS" start="2025-04-12T13:07:15.418290" elapsed="0.048998"/>
</kw>
<kw name="Get Property" owner="Browser">
<msg time="2025-04-12T13:07:15.508140" level="INFO">Property: '09'</msg>
<msg time="2025-04-12T13:07:15.508140" level="INFO">${valor_mes} = 09</msg>
<var>${valor_mes}</var>
<arg>id=month</arg>
<arg>value</arg>
<tag>Assertion</tag>
<tag>Getter</tag>
<tag>PageContent</tag>
<doc>Returns the ``property`` of the element found by ``selector``.</doc>
<status status="PASS" start="2025-04-12T13:07:15.467288" elapsed="0.040852"/>
</kw>
<kw name="Get Property" owner="Browser">
<msg time="2025-04-12T13:07:15.529135" level="INFO">Property: '25'</msg>
<msg time="2025-04-12T13:07:15.530142" level="INFO">${valor_ano} = 25</msg>
<var>${valor_ano}</var>
<arg>id=year</arg>
<arg>value</arg>
<tag>Assertion</tag>
<tag>Getter</tag>
<tag>PageContent</tag>
<doc>Returns the ``property`` of the element found by ``selector``.</doc>
<status status="PASS" start="2025-04-12T13:07:15.509140" elapsed="0.021002"/>
</kw>
<kw name="Should Match Regexp" owner="BuiltIn">
<arg>${valor_mes}</arg>
<arg>^(0[1-9]|1[0-2])$</arg>
<doc>Fails if ``string`` does not match ``pattern`` as a regular expression.</doc>
<status status="PASS" start="2025-04-12T13:07:15.530142" elapsed="0.000997"/>
</kw>
<kw name="Should Match Regexp" owner="BuiltIn">
<arg>${valor_ano}</arg>
<arg>^\\d{2}$</arg>
<doc>Fails if ``string`` does not match ``pattern`` as a regular expression.</doc>
<status status="PASS" start="2025-04-12T13:07:15.531139" elapsed="0.001001"/>
</kw>
<doc>Verifica se o mês de validade está entre 01 e 12 e se o ano é válido (futuro).</doc>
<status status="PASS" start="2025-04-12T13:07:15.012728" elapsed="0.519412"/>
</kw>
<kw name="Close Browser" owner="Browser" type="TEARDOWN">
<msg time="2025-04-12T13:07:16.061535" level="INFO">Closed browser</msg>
<tag>BrowserControl</tag>
<tag>Setter</tag>
<doc>Closes the current browser.</doc>
<status status="PASS" start="2025-04-12T13:07:15.533135" elapsed="0.528400"/>
</kw>
<status status="PASS" start="2025-04-12T13:07:13.052967" elapsed="3.009573"/>
</test>
<test id="s1-s1-t6" name="Validar Campo CVC" line="28">
<kw name="Abrir a página do formulário" owner="interactive-card" type="SETUP">
<kw name="New Browser" owner="Browser">
<msg time="2025-04-12T13:07:16.129964" level="INFO">{"browser": "chromium", "headless": false, "chromiumSandbox": false, "devtools": false, "handleSIGHUP": true, "handleSIGINT": true, "handleSIGTERM": true, "slowMo": 0.0, "timeout": 30000.0, "tracesDir": "C:\\Users\\User\\Desktop\\ROBOT\\Interactive-Card\\results\\browser\\traces\\temp\\b968810a-e7ed-4114-94fd-fa25574026af"}</msg>
<msg time="2025-04-12T13:07:16.695321" level="INFO">Successfully created browser with options: {"browser":"chromium","headless":false,"chromiumSandbox":false,"devtools":false,"handleSIGHUP":true,"handleSIGINT":true,"handleSIGTERM":true,"slowMo":0,"timeout":30000,"tracesDir":"C:\\Users\\User\\Desktop\\ROBOT\\Interactive-Card\\results\\browser\\traces\\temp\\b968810a-e7ed-4114-94fd-fa25574026af"}</msg>
<arg>browser=${BROWSER}</arg>
<arg>headless=${HEADLESS}</arg>
<tag>BrowserControl</tag>
<tag>Setter</tag>
<doc>Create a new playwright Browser with specified options.</doc>
<status status="PASS" start="2025-04-12T13:07:16.128966" elapsed="0.567361"/>
</kw>
<kw name="New Context" owner="Browser">
<msg time="2025-04-12T13:07:16.701321" level="INFO">{
  "acceptDownloads": true,
  "bypassCSP": false,
  "forcedColors": "none",
  "ignoreHTTPSErrors": false,
  "javaScriptEnabled": true,
  "offline": false,
  "reducedMotion": "no-preference",
  "serviceWorkers": "allow",
  "viewport": {
    "width": 1200,
    "height": 800
  }
}</msg>
<msg time="2025-04-12T13:07:16.772321" level="INFO">Successfully created context. </msg>
<msg time="2025-04-12T13:07:16.773321" level="INFO">{'acceptDownloads': True, 'bypassCSP': False, 'forcedColors': 'none', 'ignoreHTTPSErrors': False, 'javaScriptEnabled': True, 'offline': False, 'reducedMotion': 'no-preference', 'serviceWorkers': 'allow', 'viewport': {'width': 1200, 'height': 800}}</msg>
<arg>viewport={"width": ${WIDTH}, "height": ${HEIGHT}}</arg>
<tag>BrowserControl</tag>
<tag>Setter</tag>
<doc>Create a new BrowserContext with specified options.</doc>
<status status="PASS" start="2025-04-12T13:07:16.696327" elapsed="0.076994"/>
</kw>
<kw name="New Page" owner="Browser">
<msg time="2025-04-12T13:07:17.983577" level="INFO">Successfully initialized new page object and opened url: http://127.0.0.1:5501/</msg>
<arg>${URL}</arg>
<tag>BrowserControl</tag>
<tag>Setter</tag>
<doc>Open a new Page.</doc>
<status status="PASS" start="2025-04-12T13:07:16.773321" elapsed="1.210256"/>
</kw>
<kw name="Get Title" owner="Browser">
<msg time="2025-04-12T13:07:17.999579" level="INFO">Title: 'Interactive Card'</msg>
<msg time="2025-04-12T13:07:18.000581" level="INFO">${title} = Interactive Card</msg>
<var>${title}</var>
<tag>Assertion</tag>
<tag>Getter</tag>
<tag>PageContent</tag>
<doc>Returns the title of the current page.</doc>
<status status="PASS" start="2025-04-12T13:07:17.984578" elapsed="0.016003"/>
</kw>
<kw name="Should Be Equal As Strings" owner="BuiltIn">
<arg>${title}</arg>
<arg>Interactive Card</arg>
<doc>Fails if objects are unequal after converting them to strings.</doc>
<status status="PASS" start="2025-04-12T13:07:18.001579" elapsed="0.001004"/>
</kw>
<kw name="Log" owner="BuiltIn">
<msg time="2025-04-12T13:07:18.003579" level="INFO">Interactive Card</msg>
<arg>${title}</arg>
<doc>Logs the given message with the given level.</doc>
<status status="PASS" start="2025-04-12T13:07:18.002583" elapsed="0.000996"/>
</kw>
<status status="PASS" start="2025-04-12T13:07:16.127964" elapsed="1.875615"/>
</kw>
<kw name="Validar Campo CVC - Exatamente 3 Dígitos" owner="interactive-card">
<kw name="Type Text" owner="Browser">
<msg time="2025-04-12T13:07:18.017580" level="INFO">Types the text 'Maria Silva' in the given field.</msg>
<arg>id=name</arg>
<arg>Maria Silva</arg>
<tag>PageContent</tag>
<tag>Setter</tag>
<doc>Types the given ``txt`` into the text field found by ``selector``.</doc>
<status status="PASS" start="2025-04-12T13:07:18.015578" elapsed="0.178883"/>
</kw>
<kw name="Type Text" owner="Browser">
<msg time="2025-04-12T13:07:18.195460" level="INFO">Types the text '1234567890123456' in the given field.</msg>
<arg>id=number</arg>
<arg>1234567890123456</arg>
<tag>PageContent</tag>
<tag>Setter</tag>
<doc>Types the given ``txt`` into the text field found by ``selector``.</doc>
<status status="PASS" start="2025-04-12T13:07:18.194461" elapsed="0.131564"/>
</kw>
<kw name="Type Text" owner="Browser">
<msg time="2025-04-12T13:07:18.327024" level="INFO">Types the text '09' in the given field.</msg>
<arg>id=month</arg>
<arg>09</arg>
<tag>PageContent</tag>
<tag>Setter</tag>
<doc>Types the given ``txt`` into the text field found by ``selector``.</doc>
<status status="PASS" start="2025-04-12T13:07:18.326025" elapsed="0.038794"/>
</kw>
<kw name="Type Text" owner="Browser">
<msg time="2025-04-12T13:07:18.365824" level="INFO">Types the text '25' in the given field.</msg>
<arg>id=year</arg>
<arg>25</arg>
<tag>PageContent</tag>
<tag>Setter</tag>
<doc>Types the given ``txt`` into the text field found by ``selector``.</doc>
<status status="PASS" start="2025-04-12T13:07:18.365824" elapsed="0.041999"/>
</kw>
<kw name="Type Text" owner="Browser">
<msg time="2025-04-12T13:07:18.410825" level="INFO">Types the text '123' in the given field.</msg>
<arg>id=cvc</arg>
<arg>123</arg>
<tag>PageContent</tag>
<tag>Setter</tag>
<doc>Types the given ``txt`` into the text field found by ``selector``.</doc>
<status status="PASS" start="2025-04-12T13:07:18.408824" elapsed="0.056285"/>
</kw>
<kw name="Get Property" owner="Browser">
<msg time="2025-04-12T13:07:18.500107" level="INFO">Property: '123'</msg>
<msg time="2025-04-12T13:07:18.501108" level="INFO">${valor_cvc} = 123</msg>
<var>${valor_cvc}</var>
<arg>id=cvc</arg>
<arg>value</arg>
<tag>Assertion</tag>
<tag>Getter</tag>
<tag>PageContent</tag>
<doc>Returns the ``property`` of the element found by ``selector``.</doc>
<status status="PASS" start="2025-04-12T13:07:18.465109" elapsed="0.035999"/>
</kw>
<kw name="Should Match Regexp" owner="BuiltIn">
<arg>${valor_cvc}</arg>
<arg>^\\d{3}$</arg>
<doc>Fails if ``string`` does not match ``pattern`` as a regular expression.</doc>
<status status="PASS" start="2025-04-12T13:07:18.501108" elapsed="0.001001"/>
</kw>
<doc>Verifica se o campo CVC aceita exatamente 3 dígitos numéricos.</doc>
<status status="PASS" start="2025-04-12T13:07:18.014581" elapsed="0.488526"/>
</kw>
<kw name="Close Browser" owner="Browser" type="TEARDOWN">
<msg time="2025-04-12T13:07:19.038525" level="INFO">Closed browser</msg>
<tag>BrowserControl</tag>
<tag>Setter</tag>
<doc>Closes the current browser.</doc>
<status status="PASS" start="2025-04-12T13:07:18.503107" elapsed="0.535418"/>
</kw>
<status status="PASS" start="2025-04-12T13:07:16.124962" elapsed="2.913563"/>
</test>
<status status="PASS" start="2025-04-12T13:06:55.647438" elapsed="23.440079"/>
</suite>
<status status="PASS" start="2025-04-12T13:06:55.607421" elapsed="23.530079"/>
</suite>
<statistics>
<total>
<stat pass="6" fail="0" skip="0">All Tests</stat>
</total>
<tag>
</tag>
<suite>
<stat name="Tests" id="s1" pass="6" fail="0" skip="0">Tests</stat>
<stat name="Interactive-Card" id="s1-s1" pass="6" fail="0" skip="0">Tests.Interactive-Card</stat>
</suite>
</statistics>
<errors>
</errors>
</robot>
